INFO 2025-10-29 18:14:55,571 signals_consulta 17236 12804 signals_consulta: hook activo sobre sender=Consulta (table=consulta)
INFO 2025-10-29 18:14:55,571 signals_presupuesto_digital 17236 12804 \u2705 Signals de notificaciones de presupuesto digital registrados
INFO 2025-10-29 18:14:55,571 signals_flujo_clinico 17236 12804 \u2705 Signals de flujo clínico registrados
INFO 2025-10-29 18:14:55,571 signals 17236 12804 NoShowPolicies: señales conectadas para api.Consulta (pre_save, campo idestadoconsulta).
INFO 2025-10-29 18:14:55,571 apps 17236 12804 NoShowPolicies: módulo de señales importado en ready().
INFO 2025-10-29 18:14:56,053 signals_consulta 3824 22716 signals_consulta: hook activo sobre sender=Consulta (table=consulta)
INFO 2025-10-29 18:14:56,057 signals_presupuesto_digital 3824 22716 \u2705 Signals de notificaciones de presupuesto digital registrados
INFO 2025-10-29 18:14:56,057 signals_flujo_clinico 3824 22716 \u2705 Signals de flujo clínico registrados
INFO 2025-10-29 18:14:56,057 signals 3824 22716 NoShowPolicies: señales conectadas para api.Consulta (pre_save, campo idestadoconsulta).
INFO 2025-10-29 18:14:56,057 apps 3824 22716 NoShowPolicies: módulo de señales importado en ready().
INFO 2025-10-29 18:14:56,092 autoreload 3824 22716 Watching for file changes with StatReloader
INFO 2025-10-29 18:14:57,073 permissions_presupuesto 3824 22716 \u2705 Permissions y throttling classes para presupuestos digitales cargadas
INFO 2025-10-29 18:21:33,412 autoreload 3824 22716 C:\Users\paulr\PycharmProjects\sitwo-project-backend-master\api\serializers.py changed, reloading.
Performing system checks...

System check identified no issues (0 silenced).
October 29, 2025 - 18:14:59
Django version 5.2.7, using settings 'dental_clinic_backend.settings'
Starting development server at http://127.0.0.1:8000/
Quit the server with CTRL-BREAK.

WARNING: This is a development server. Do not use it in a production setting. Use a production WSGI or ASGI server instead.
For more information on production servers see: https://docs.djangoproject.com/en/5.2/howto/deployment/
INFO 2025-10-29 18:21:34,622 signals_consulta 18924 23088 signals_consulta: hook activo sobre sender=Consulta (table=consulta)
INFO 2025-10-29 18:21:34,625 signals_presupuesto_digital 18924 23088 \u2705 Signals de notificaciones de presupuesto digital registrados
INFO 2025-10-29 18:21:34,625 signals_flujo_clinico 18924 23088 \u2705 Signals de flujo clínico registrados
INFO 2025-10-29 18:21:34,626 signals 18924 23088 NoShowPolicies: señales conectadas para api.Consulta (pre_save, campo idestadoconsulta).
INFO 2025-10-29 18:21:34,626 apps 18924 23088 NoShowPolicies: módulo de señales importado en ready().
INFO 2025-10-29 18:21:34,650 autoreload 18924 23088 Watching for file changes with StatReloader
INFO 2025-10-29 18:21:35,729 permissions_presupuesto 18924 23088 \u2705 Permissions y throttling classes para presupuestos digitales cargadas
WARNING 2025-10-29 18:21:59,924 middleware_tenant 18924 10708 [TenantMiddleware] Subdominio 'norte' no encontrado o inactivo
INFO 2025-10-29 18:21:59,925 middleware_routing 18924 10708 [TenantRoutingMiddleware] No tenant -> using urlconf_public
INFO 2025-10-29 18:22:00,391 basehttp 18924 10708 "GET /api/tipos-consulta/ HTTP/1.1" 200 4843
DEBUG 2025-10-29 18:26:06,977 middleware_tenant 18924 18056 [TenantMiddleware] Tenant resuelto: SmileStudio (subdomain: smilestudio)
INFO 2025-10-29 18:26:06,977 middleware_routing 18924 18056 [TenantRoutingMiddleware] Tenant detected: SmileStudio -> using urlconf_tenant
DEBUG 2025-10-29 18:26:06,978 middleware_tenant 18924 22896 [TenantMiddleware] Tenant resuelto: SmileStudio (subdomain: smilestudio)
INFO 2025-10-29 18:26:06,978 middleware_routing 18924 22896 [TenantRoutingMiddleware] Tenant detected: SmileStudio -> using urlconf_tenant
INFO 2025-10-29 18:26:07,431 basehttp 18924 18056 "GET /api/auth/user/ HTTP/1.1" 200 281
INFO 2025-10-29 18:26:07,577 basehttp 18924 22896 "GET /api/tipos-consulta/ HTTP/1.1" 200 2807
DEBUG 2025-10-29 18:26:08,648 middleware_tenant 18924 18056 [TenantMiddleware] Tenant resuelto: SmileStudio (subdomain: smilestudio)
INFO 2025-10-29 18:26:08,648 middleware_routing 18924 18056 [TenantRoutingMiddleware] Tenant detected: SmileStudio -> using urlconf_tenant
DEBUG 2025-10-29 18:26:08,796 middleware_tenant 18924 22896 [TenantMiddleware] Tenant resuelto: SmileStudio (subdomain: smilestudio)
INFO 2025-10-29 18:26:08,797 middleware_routing 18924 22896 [TenantRoutingMiddleware] Tenant detected: SmileStudio -> using urlconf_tenant
INFO 2025-10-29 18:26:09,070 basehttp 18924 18056 "GET /api/auth/user/ HTTP/1.1" 200 281
INFO 2025-10-29 18:26:09,364 basehttp 18924 22896 "GET /api/tipos-consulta/ HTTP/1.1" 200 2807
DEBUG 2025-10-29 18:26:12,216 middleware_tenant 18924 22896 [TenantMiddleware] Ruta pública detectada: /api/auth/csrf/ - Saltando validación de tenant
INFO 2025-10-29 18:26:12,216 middleware_routing 18924 22896 [TenantRoutingMiddleware] No tenant -> using urlconf_public
INFO 2025-10-29 18:26:12,217 basehttp 18924 22896 "GET /api/auth/csrf/ HTTP/1.1" 200 28
DEBUG 2025-10-29 18:26:12,221 middleware_tenant 18924 22896 [TenantMiddleware] Ruta pública detectada: /api/auth/login/ - Saltando validación de tenant
INFO 2025-10-29 18:26:12,221 middleware_routing 18924 22896 [TenantRoutingMiddleware] No tenant -> using urlconf_public
INFO 2025-10-29 18:26:12,222 views_auth 18924 22896 \U0001f510 Petición de login recibida - IP: 127.0.0.1
INFO 2025-10-29 18:26:12,222 views_auth 18924 22896 \U0001f4e7 Intento de login para: rimberty.uagd@gmail.com
INFO 2025-10-29 18:26:14,043 views_auth 18924 22896 \u2705 Usuario Django autenticado: rimberty.uagd@gmail.com
INFO 2025-10-29 18:26:14,044 views_auth 18924 22896 \U0001f3e2 Tenant detectado: None
INFO 2025-10-29 18:26:14,188 views_auth 18924 22896 \u2705 Usuario encontrado en BD: Joaquin Chumacero (código: 6)
INFO 2025-10-29 18:26:14,692 views_auth 18924 22896 \U0001f3ab Token generado para: rimberty.uagd@gmail.com
INFO 2025-10-29 18:26:15,004 views_auth 18924 22896 \u2705 Login exitoso para: rimberty.uagd@gmail.com - Subtipo: paciente
INFO 2025-10-29 18:26:15,005 basehttp 18924 22896 "POST /api/auth/login/ HTTP/1.1" 200 369
DEBUG 2025-10-29 18:26:16,345 middleware_tenant 18924 22896 [TenantMiddleware] Tenant resuelto: SmileStudio (subdomain: smilestudio)
INFO 2025-10-29 18:26:16,345 middleware_routing 18924 22896 [TenantRoutingMiddleware] Tenant detected: SmileStudio -> using urlconf_tenant
INFO 2025-10-29 18:26:16,814 basehttp 18924 22896 "GET /api/consultas/ HTTP/1.1" 200 4380
DEBUG 2025-10-29 18:26:17,292 middleware_tenant 18924 22860 [TenantMiddleware] Tenant resuelto: SmileStudio (subdomain: smilestudio)
DEBUG 2025-10-29 18:26:17,293 middleware_tenant 18924 18056 [TenantMiddleware] Tenant resuelto: SmileStudio (subdomain: smilestudio)
INFO 2025-10-29 18:26:17,293 middleware_routing 18924 22860 [TenantRoutingMiddleware] Tenant detected: SmileStudio -> using urlconf_tenant
INFO 2025-10-29 18:26:17,293 middleware_routing 18924 18056 [TenantRoutingMiddleware] Tenant detected: SmileStudio -> using urlconf_tenant
INFO 2025-10-29 18:26:17,764 basehttp 18924 18056 "GET /api/consultas/?estado=pendiente&agendado_por_web=true HTTP/1.1" 200 4380
INFO 2025-10-29 18:26:17,875 basehttp 18924 22860 "GET /api/tipos-consulta/ HTTP/1.1" 200 2807
DEBUG 2025-10-29 18:26:17,990 middleware_tenant 18924 22896 [TenantMiddleware] Tenant resuelto: SmileStudio (subdomain: smilestudio)
INFO 2025-10-29 18:26:17,990 middleware_routing 18924 22896 [TenantRoutingMiddleware] Tenant detected: SmileStudio -> using urlconf_tenant
INFO 2025-10-29 18:26:18,478 basehttp 18924 22896 "GET /api/consultas/ HTTP/1.1" 200 4380
DEBUG 2025-10-29 18:26:19,003 middleware_tenant 18924 16196 [TenantMiddleware] Tenant resuelto: SmileStudio (subdomain: smilestudio)
INFO 2025-10-29 18:26:19,003 middleware_routing 18924 16196 [TenantRoutingMiddleware] Tenant detected: SmileStudio -> using urlconf_tenant
DEBUG 2025-10-29 18:26:19,049 middleware_tenant 18924 22860 [TenantMiddleware] Tenant resuelto: SmileStudio (subdomain: smilestudio)
INFO 2025-10-29 18:26:19,049 middleware_routing 18924 22860 [TenantRoutingMiddleware] Tenant detected: SmileStudio -> using urlconf_tenant
INFO 2025-10-29 18:26:19,492 basehttp 18924 16196 "GET /api/consultas/?estado=pendiente&agendado_por_web=true HTTP/1.1" 200 4380
INFO 2025-10-29 18:26:19,618 basehttp 18924 22860 "GET /api/tipos-consulta/ HTTP/1.1" 200 2807
DEBUG 2025-10-29 18:26:48,719 middleware_tenant 18924 22860 [TenantMiddleware] Tenant resuelto: SmileStudio (subdomain: smilestudio)
INFO 2025-10-29 18:26:48,719 middleware_routing 18924 22860 [TenantRoutingMiddleware] Tenant detected: SmileStudio -> using urlconf_tenant
WARNING 2025-10-29 18:26:49,729 log 18924 22860 Too Many Requests: /api/consultas/
WARNING 2025-10-29 18:26:49,730 basehttp 18924 22860 "POST /api/consultas/ HTTP/1.1" 429 163
DEBUG 2025-10-29 18:26:56,788 middleware_tenant 18924 22860 [TenantMiddleware] Tenant resuelto: SmileStudio (subdomain: smilestudio)
INFO 2025-10-29 18:26:56,788 middleware_routing 18924 22860 [TenantRoutingMiddleware] Tenant detected: SmileStudio -> using urlconf_tenant
WARNING 2025-10-29 18:26:57,910 log 18924 22860 Too Many Requests: /api/consultas/
WARNING 2025-10-29 18:26:57,910 basehttp 18924 22860 "POST /api/consultas/ HTTP/1.1" 429 163
DEBUG 2025-10-29 18:26:59,832 middleware_tenant 18924 22860 [TenantMiddleware] Ruta pública detectada: /api/auth/csrf/ - Saltando validación de tenant
INFO 2025-10-29 18:26:59,832 middleware_routing 18924 22860 [TenantRoutingMiddleware] No tenant -> using urlconf_public
INFO 2025-10-29 18:26:59,833 basehttp 18924 22860 "GET /api/auth/csrf/ HTTP/1.1" 200 28
INFO 2025-10-29 18:27:00,154 basehttp 18924 11324 "OPTIONS /api/auth/logout/ HTTP/1.1" 200 0
DEBUG 2025-10-29 18:27:00,155 middleware_tenant 18924 22860 [TenantMiddleware] Ruta pública detectada: /api/auth/logout/ - Saltando validación de tenant
INFO 2025-10-29 18:27:00,155 middleware_routing 18924 22860 [TenantRoutingMiddleware] No tenant -> using urlconf_public
INFO 2025-10-29 18:27:01,457 basehttp 18924 22860 "POST /api/auth/logout/ HTTP/1.1" 200 42
